Using pre-set license

 COMMAND LINE ARGUMENTS:
/Applications/Unity/Hub/Editor/2020.3.15f2/Unity.app/Contents/MacOS/Unity
-adb2
-batchMode
-noUpm
-name
AssetImportWorker4
-projectPath
/Volumes/Backup/Block Breaker Xbox
-logFile
Logs/AssetImportWorker4.log
-srvPort
56837
Successfully changed project path to: /Volumes/Backup/Block Breaker Xbox
/Volumes/Backup/Block Breaker Xbox
Using Asset Import Pipeline V2.
Refreshing native plugins compatible for Editor in 33.12 ms, found 2 plugins.
Preloading 0 native plugins for Editor in 0.00 ms.
Initialize engine version: 2020.3.15f2 (6cf78cb77498)
[Subsystems] Discovering subsystems at path /Applications/Unity/Hub/Editor/2020.3.15f2/Unity.app/Contents/Resources/UnitySubsystems
[Subsystems] Discovering subsystems at path /Volumes/Backup/Block Breaker Xbox/Assets
GfxDevice: creating device client; threaded=0
2021-08-10 13:32:01.503 Unity[15827:832996] Color LCD preferred device: Intel(R) Iris(TM) Plus Graphics 645 (low power)
2021-08-10 13:32:01.503 Unity[15827:832996] Metal devices available: 1
2021-08-10 13:32:01.503 Unity[15827:832996] 0: Intel(R) Iris(TM) Plus Graphics 645 (low power)
2021-08-10 13:32:01.503 Unity[15827:832996] Using device Intel(R) Iris(TM) Plus Graphics 645 (low power)
Initializing Metal device caps: Intel(R) Iris(TM) Plus Graphics 645
Initialize mono
Mono path[0] = '/Applications/Unity/Hub/Editor/2020.3.15f2/Unity.app/Contents/Managed'
Mono path[1] = '/Applications/Unity/Hub/Editor/2020.3.15f2/Unity.app/Contents/MonoBleedingEdge/lib/mono/unityjit'
Mono config path = '/Applications/Unity/Hub/Editor/2020.3.15f2/Unity.app/Contents/MonoBleedingEdge/etc'
Using monoOptions --debugger-agent=transport=dt_socket,embedding=1,server=y,suspend=n,address=127.0.0.1:56827
Begin MonoManager ReloadAssembly
Registering precompiled unity dll's ...
Register platform support module: /Applications/Unity/Hub/Editor/2020.3.15f2/Unity.app/Contents/PlaybackEngines/MacStandaloneSupport/UnityEditor.OSXStandalone.Extensions.dll
Registered in 0.000541 seconds.
Native extension for OSXStandalone target not found
Refreshing native plugins compatible for Editor in 34.34 ms, found 2 plugins.
Preloading 0 native plugins for Editor in 0.00 ms.
Mono: successfully reloaded assembly
- Completed reload, in  2.141 seconds
Domain Reload Profiling:
	ReloadAssembly (2141ms)
		BeginReloadAssembly (47ms)
			ExecutionOrderSort (0ms)
			DisableScriptedObjects (0ms)
			BackupInstance (0ms)
			ReleaseScriptingObjects (0ms)
			CreateAndSetChildDomain (1ms)
		EndReloadAssembly (553ms)
			LoadAssemblies (46ms)
			RebuildTransferFunctionScriptingTraits (0ms)
			SetupTypeCache (227ms)
			ReleaseScriptCaches (0ms)
			RebuildScriptCaches (48ms)
			SetupLoadedEditorAssemblies (214ms)
				LogAssemblyErrors (0ms)
				InitializePlatformSupportModulesInManaged (5ms)
				SetLoadedEditorAssemblies (0ms)
				RefreshPlugins (34ms)
				BeforeProcessingInitializeOnLoad (7ms)
				ProcessInitializeOnLoadAttributes (129ms)
				ProcessInitializeOnLoadMethodAttributes (38ms)
				AfterProcessingInitializeOnLoad (0ms)
				EditorAssembliesLoaded (0ms)
			ExecutionOrderSort2 (0ms)
			AwakeInstancesAfterBackupRestoration (0ms)
Platform modules already initialized, skipping
Registering precompiled user dll's ...
Registered in 0.002153 seconds.
Begin MonoManager ReloadAssembly
Native extension for OSXStandalone target not found
Refreshing native plugins compatible for Editor in 0.34 ms, found 2 plugins.
Preloading 0 native plugins for Editor in 0.00 ms.
Mono: successfully reloaded assembly
- Completed reload, in  2.459 seconds
Domain Reload Profiling:
	ReloadAssembly (2487ms)
		BeginReloadAssembly (186ms)
			ExecutionOrderSort (0ms)
			DisableScriptedObjects (6ms)
			BackupInstance (0ms)
			ReleaseScriptingObjects (0ms)
			CreateAndSetChildDomain (37ms)
		EndReloadAssembly (2221ms)
			LoadAssemblies (1159ms)
			RebuildTransferFunctionScriptingTraits (0ms)
			SetupTypeCache (381ms)
			ReleaseScriptCaches (0ms)
			RebuildScriptCaches (64ms)
			SetupLoadedEditorAssemblies (454ms)
				LogAssemblyErrors (0ms)
				InitializePlatformSupportModulesInManaged (5ms)
				SetLoadedEditorAssemblies (1ms)
				RefreshPlugins (0ms)
				BeforeProcessingInitializeOnLoad (55ms)
				ProcessInitializeOnLoadAttributes (386ms)
				ProcessInitializeOnLoadMethodAttributes (5ms)
				AfterProcessingInitializeOnLoad (1ms)
				EditorAssembliesLoaded (0ms)
			ExecutionOrderSort2 (0ms)
			AwakeInstancesAfterBackupRestoration (9ms)
Platform modules already initialized, skipping
========================================================================
Worker process is ready to serve import requests
Launching external process: /Applications/Unity/Hub/Editor/2020.3.15f2/Unity.app/Contents/Tools/UnityShaderCompiler
Launched and connected shader compiler UnityShaderCompiler after 0.03 seconds
Refreshing native plugins compatible for Editor in 0.38 ms, found 2 plugins.
Preloading 0 native plugins for Editor in 0.00 ms.
Unloading 1413 Unused Serialized files (Serialized files now loaded: 0)
System memory in use before: 136.6 MB.
System memory in use after: 136.6 MB.

Unloading 18 unused Assets to reduce memory usage. Loaded Objects now: 1847.
Total: 3.303518 ms (FindLiveObjects: 0.227022 ms CreateObjectMapping: 0.061603 ms MarkObjects: 2.917841 ms  DeleteObjects: 0.095556 ms)

AssetImportParameters requested are different than current active one (requested -> active):
  custom:video-decoder-ogg-theora: a1e56fd34408186e4bbccfd4996cb3dc -> 
  custom:container-muxer-webm: aa71ff27fc2769a1b78a27578f13a17b -> 
  custom:container-demuxer-webm: 4f35f7cbe854078d1ac9338744f61a02 -> 
  custom:container-demuxer-ogg: 62fdf1f143b41e24485cea50d1cbac27 -> 
  custom:video-encoder-webm-vp8: eb34c28f22e8b96e1ab97ce403110664 -> 
  custom:framework-osx-AVFoundation: e770b220cccbd017edd2c1fefb359320 -> 
  custom:video-decoder-webm-vp8: 9c59270c3fd7afecdb556c50c9e8de78 -> 
  custom:audio-decoder-ogg-vorbis: bf7c407c2cedff20999df2af8eb42d56 -> 
  custom:audio-encoder-webm-vorbis: bf7c407c2cedff20999df2af8eb42d56 -> 
========================================================================
Received Import Request.
  path: Assets/LevelManager.prefab
  artifactKey: Guid(24a85f5785c90440c8bcdb0ca58c17e6) Importer(815301076,1909f56bfc062723c751e8b465ee728b)
Start importing Assets/LevelManager.prefab using Guid(24a85f5785c90440c8bcdb0ca58c17e6) Importer(815301076,1909f56bfc062723c751e8b465ee728b)  -> (artifact id: '0c3b0d5ed20d7f529212b08f72555834') in 1.144252 seconds 
  Import took 1.148645 seconds .

========================================================================
Received Import Request.
  Time since last request: 0.000389 seconds.
  path: Assets/Scenes/Level_15.unity
  artifactKey: Guid(20da4f9fa08a04d8ca159e7fc48e5595) Importer(815301076,1909f56bfc062723c751e8b465ee728b)
Start importing Assets/Scenes/Level_15.unity using Guid(20da4f9fa08a04d8ca159e7fc48e5595) Importer(815301076,1909f56bfc062723c751e8b465ee728b)  -> (artifact id: '8aa017245de956c3b1cefd38f17ad061') in 0.025540 seconds 
  Import took 0.029182 seconds .

========================================================================
Received Import Request.
  Time since last request: 0.000209 seconds.
  path: Assets/Scenes/Credits.unity
  artifactKey: Guid(2574cf9fca81149a5a11cda943dad46f) Importer(815301076,1909f56bfc062723c751e8b465ee728b)
Start importing Assets/Scenes/Credits.unity using Guid(2574cf9fca81149a5a11cda943dad46f) Importer(815301076,1909f56bfc062723c751e8b465ee728b)  -> (artifact id: '0fc5bc5659376c17a44365392281177f') in 0.016501 seconds 
  Import took 0.019457 seconds .

========================================================================
Received Import Request.
  Time since last request: 0.000285 seconds.
  path: Assets/Unbreak_half.prefab
  artifactKey: Guid(0a27885513d2a4480afa9d002df794dd) Importer(815301076,1909f56bfc062723c751e8b465ee728b)
Start importing Assets/Unbreak_half.prefab using Guid(0a27885513d2a4480afa9d002df794dd) Importer(815301076,1909f56bfc062723c751e8b465ee728b)  -> (artifact id: 'a39ffae7c2f3dd881718c346c945e2b4') in 0.259080 seconds 
  Import took 0.262490 seconds .

========================================================================
Received Import Request.
  Time since last request: 0.000311 seconds.
  path: Assets/Particle.prefab
  artifactKey: Guid(3e6a04e85628d4fbf9f41b7afde17095) Importer(815301076,1909f56bfc062723c751e8b465ee728b)
Start importing Assets/Particle.prefab using Guid(3e6a04e85628d4fbf9f41b7afde17095) Importer(815301076,1909f56bfc062723c751e8b465ee728b)  -> (artifact id: 'fa135e83137eda2a03d915b35b0f3ec2') in 0.094235 seconds 
  Import took 0.096973 seconds .

========================================================================
Received Import Request.
  Time since last request: 0.000187 seconds.
  path: Assets/3-hit block.prefab
  artifactKey: Guid(cbfad9f0b74a246e5abb8d4517b9e98a) Importer(815301076,1909f56bfc062723c751e8b465ee728b)
Start importing Assets/3-hit block.prefab using Guid(cbfad9f0b74a246e5abb8d4517b9e98a) Importer(815301076,1909f56bfc062723c751e8b465ee728b)  -> (artifact id: '7160e25598f3f147aa982cc30e4223df') in 0.138152 seconds 
  Import took 0.141589 seconds .

========================================================================
Received Import Request.
  Time since last request: 0.000339 seconds.
  path: Assets/Lives.prefab
  artifactKey: Guid(d20bcf42ae303477f9ae8976b593dba0) Importer(815301076,1909f56bfc062723c751e8b465ee728b)
Start importing Assets/Lives.prefab using Guid(d20bcf42ae303477f9ae8976b593dba0) Importer(815301076,1909f56bfc062723c751e8b465ee728b)  -> (artifact id: '519be029ff99d645201fce972d221bf2') in 0.510807 seconds 
  Import took 0.515654 seconds .

========================================================================
Received Import Request.
  Time since last request: 0.000519 seconds.
  path: Assets/Scenes/Level_30.unity
  artifactKey: Guid(2a5658989a3a746058c6ca1eacfb8cc2) Importer(815301076,1909f56bfc062723c751e8b465ee728b)
Start importing Assets/Scenes/Level_30.unity using Guid(2a5658989a3a746058c6ca1eacfb8cc2) Importer(815301076,1909f56bfc062723c751e8b465ee728b)  -> (artifact id: '200aa024d036525ee866d2c3e2528f8a') in 0.011933 seconds 
  Import took 0.016134 seconds .

========================================================================
Received Import Request.
  Time since last request: 0.000314 seconds.
  path: Assets/Scenes
  artifactKey: Guid(03991309cc5884bd2ac259c5cfa4c325) Importer(815301076,1909f56bfc062723c751e8b465ee728b)
Start importing Assets/Scenes using Guid(03991309cc5884bd2ac259c5cfa4c325) Importer(815301076,1909f56bfc062723c751e8b465ee728b)  -> (artifact id: '2aa329d0869d567c65048bdaa2021b81') in 0.008038 seconds 
  Import took 0.010501 seconds .

========================================================================
Received Import Request.
  Time since last request: 0.000271 seconds.
  path: Assets/Scenes/Lose.unity
  artifactKey: Guid(c5dcd8ef146e04bfdbb99f347399d256) Importer(815301076,1909f56bfc062723c751e8b465ee728b)
Start importing Assets/Scenes/Lose.unity using Guid(c5dcd8ef146e04bfdbb99f347399d256) Importer(815301076,1909f56bfc062723c751e8b465ee728b)  -> (artifact id: 'e5414c50573eb8f9e47e6048ddf14706') in 0.029863 seconds 
  Import took 0.033267 seconds .

========================================================================
Received Import Request.
  Time since last request: 0.000256 seconds.
  path: Assets/Scenes/Start.unity
  artifactKey: Guid(0d4b45635b02544b4aef3dab6ec05426) Importer(815301076,1909f56bfc062723c751e8b465ee728b)
Start importing Assets/Scenes/Start.unity using Guid(0d4b45635b02544b4aef3dab6ec05426) Importer(815301076,1909f56bfc062723c751e8b465ee728b)  -> (artifact id: '87faed481c268c460974134cfb0ffb9a') in 0.015991 seconds 
  Import took 0.018766 seconds .

========================================================================
Received Import Request.
  Time since last request: 0.000191 seconds.
  path: Assets/Fonts
  artifactKey: Guid(5d0f40a4ce3744e839cd3dc4f8d40913) Importer(815301076,1909f56bfc062723c751e8b465ee728b)
Start importing Assets/Fonts using Guid(5d0f40a4ce3744e839cd3dc4f8d40913) Importer(815301076,1909f56bfc062723c751e8b465ee728b)  -> (artifact id: '8149a7ae718f4b3055bb5453d973d1d5') in 0.015191 seconds 
  Import took 0.017264 seconds .

========================================================================
Received Import Request.
  Time since last request: 0.000180 seconds.
  path: Assets/2-hit block.prefab
  artifactKey: Guid(d5517c6e0ffac4a9a869479a562b0dd6) Importer(815301076,1909f56bfc062723c751e8b465ee728b)
Start importing Assets/2-hit block.prefab using Guid(d5517c6e0ffac4a9a869479a562b0dd6) Importer(815301076,1909f56bfc062723c751e8b465ee728b)  -> (artifact id: 'b4396ed35745e3febf51bc9bb8493ccc') in 0.095479 seconds 
  Import took 0.098701 seconds .

========================================================================
Received Import Request.
  Time since last request: 0.000459 seconds.
  path: Assets/Unbreakable.prefab
  artifactKey: Guid(d2410232fdc844b358a881878206aacf) Importer(815301076,1909f56bfc062723c751e8b465ee728b)
Start importing Assets/Unbreakable.prefab using Guid(d2410232fdc844b358a881878206aacf) Importer(815301076,1909f56bfc062723c751e8b465ee728b)  -> (artifact id: '8611189063f1ae3759b4bd9a35a3db7e') in 0.178822 seconds 
  Import took 0.181876 seconds .

========================================================================
Received Import Request.
  Time since last request: 0.000332 seconds.
  path: Assets/1-hit block.prefab
  artifactKey: Guid(d9d181991ef7d481a9b14529b3ffe34a) Importer(815301076,1909f56bfc062723c751e8b465ee728b)
Start importing Assets/1-hit block.prefab using Guid(d9d181991ef7d481a9b14529b3ffe34a) Importer(815301076,1909f56bfc062723c751e8b465ee728b)  -> (artifact id: 'ea497ca1194ef51c003136aec293dcb2') in 0.064865 seconds 
  Import took 0.067474 seconds .

========================================================================
Received Import Request.
  Time since last request: 0.000212 seconds.
  path: Assets/Slider.prefab
  artifactKey: Guid(22413c674f6d14c38a859a03cbcf5fd9) Importer(815301076,1909f56bfc062723c751e8b465ee728b)
Start importing Assets/Slider.prefab using Guid(22413c674f6d14c38a859a03cbcf5fd9) Importer(815301076,1909f56bfc062723c751e8b465ee728b)  -> (artifact id: '1248687b5282b0343950d56f78bbefa2') in 0.285056 seconds 
  Import took 0.287813 seconds .

========================================================================
Received Import Request.
  Time since last request: 0.000270 seconds.
  path: Assets/Play Space.prefab
  artifactKey: Guid(3a96d02bddaeb4df9b5201e96d4e4101) Importer(815301076,1909f56bfc062723c751e8b465ee728b)
Start importing Assets/Play Space.prefab using Guid(3a96d02bddaeb4df9b5201e96d4e4101) Importer(815301076,1909f56bfc062723c751e8b465ee728b)  -> (artifact id: '93d56bf4b9c8d48925a65cbec03ab61a') in 0.127326 seconds 
  Import took 0.130493 seconds .

========================================================================
Received Import Request.
  Time since last request: 0.000271 seconds.
  path: Assets/Scenes/Settings.unity
  artifactKey: Guid(44db6701086d14f08900b72f0f3b363f) Importer(815301076,1909f56bfc062723c751e8b465ee728b)
Start importing Assets/Scenes/Settings.unity using Guid(44db6701086d14f08900b72f0f3b363f) Importer(815301076,1909f56bfc062723c751e8b465ee728b)  -> (artifact id: '59eefcfd47938413fd16de1e953dfe2e') in 0.008027 seconds 
  Import took 0.010618 seconds .

========================================================================
Received Import Request.
  Time since last request: 0.000213 seconds.
  path: Assets/Paddle.prefab
  artifactKey: Guid(2c3137b1b63904232b9c177483349637) Importer(815301076,1909f56bfc062723c751e8b465ee728b)
Start importing Assets/Paddle.prefab using Guid(2c3137b1b63904232b9c177483349637) Importer(815301076,1909f56bfc062723c751e8b465ee728b)  -> (artifact id: '888c646dc1e22aa02f56d90d78614fcd') in 0.104633 seconds 
  Import took 0.107123 seconds .

========================================================================
Received Import Request.
  Time since last request: 0.000237 seconds.
  path: Assets/Main Camera.prefab
  artifactKey: Guid(6a9899a5660134a008c1cfe26f054945) Importer(815301076,1909f56bfc062723c751e8b465ee728b)
Start importing Assets/Main Camera.prefab using Guid(6a9899a5660134a008c1cfe26f054945) Importer(815301076,1909f56bfc062723c751e8b465ee728b)  -> (artifact id: '880b1b4df1d149c2b5a7e9c87575d975') in 0.051795 seconds 
  Import took 0.055378 seconds .

========================================================================
Received Prepare
Refreshing native plugins compatible for Editor in 592.65 ms, found 2 plugins.
Preloading 0 native plugins for Editor in 0.00 ms.
Unloading 12 Unused Serialized files (Serialized files now loaded: 0)
System memory in use before: 118.4 MB.
System memory in use after: 118.5 MB.

Unloading 16 unused Assets to reduce memory usage. Loaded Objects now: 1854.
Total: 8.060057 ms (FindLiveObjects: 0.278730 ms CreateObjectMapping: 0.091044 ms MarkObjects: 7.632222 ms  DeleteObjects: 0.055806 ms)

AssetImportParameters requested are different than current active one (requested -> active):
  custom:video-decoder-ogg-theora: a1e56fd34408186e4bbccfd4996cb3dc -> 
  custom:container-muxer-webm: aa71ff27fc2769a1b78a27578f13a17b -> 
  custom:container-demuxer-webm: 4f35f7cbe854078d1ac9338744f61a02 -> 
  custom:container-demuxer-ogg: 62fdf1f143b41e24485cea50d1cbac27 -> 
  custom:video-encoder-webm-vp8: eb34c28f22e8b96e1ab97ce403110664 -> 
  custom:framework-osx-AVFoundation: e770b220cccbd017edd2c1fefb359320 -> 
  custom:video-decoder-webm-vp8: 9c59270c3fd7afecdb556c50c9e8de78 -> 
  custom:audio-decoder-ogg-vorbis: bf7c407c2cedff20999df2af8eb42d56 -> 
  custom:audio-encoder-webm-vorbis: bf7c407c2cedff20999df2af8eb42d56 -> 
========================================================================
Received Prepare
Registering precompiled user dll's ...
Registered in 0.178261 seconds.
Begin MonoManager ReloadAssembly
Native extension for OSXStandalone target not found
Refreshing native plugins compatible for Editor in 0.38 ms, found 2 plugins.
Preloading 0 native plugins for Editor in 0.00 ms.
Mono: successfully reloaded assembly
- Completed reload, in  2.509 seconds
Domain Reload Profiling:
	ReloadAssembly (2523ms)
		BeginReloadAssembly (201ms)
			ExecutionOrderSort (0ms)
			DisableScriptedObjects (12ms)
			BackupInstance (0ms)
			ReleaseScriptingObjects (0ms)
			CreateAndSetChildDomain (82ms)
		EndReloadAssembly (2243ms)
			LoadAssemblies (1266ms)
			RebuildTransferFunctionScriptingTraits (0ms)
			SetupTypeCache (388ms)
			ReleaseScriptCaches (1ms)
			RebuildScriptCaches (60ms)
			SetupLoadedEditorAssemblies (412ms)
				LogAssemblyErrors (0ms)
				InitializePlatformSupportModulesInManaged (8ms)
				SetLoadedEditorAssemblies (1ms)
				RefreshPlugins (0ms)
				BeforeProcessingInitializeOnLoad (53ms)
				ProcessInitializeOnLoadAttributes (344ms)
				ProcessInitializeOnLoadMethodAttributes (5ms)
				AfterProcessingInitializeOnLoad (1ms)
				EditorAssembliesLoaded (0ms)
			ExecutionOrderSort2 (0ms)
			AwakeInstancesAfterBackupRestoration (8ms)
Platform modules already initialized, skipping
Refreshing native plugins compatible for Editor in 0.35 ms, found 2 plugins.
Preloading 0 native plugins for Editor in 0.00 ms.
Unloading 1407 Unused Serialized files (Serialized files now loaded: 0)
System memory in use before: 144.5 MB.
System memory in use after: 144.6 MB.

Unloading 13 unused Assets to reduce memory usage. Loaded Objects now: 1857.
Total: 2.147867 ms (FindLiveObjects: 0.214293 ms CreateObjectMapping: 0.046145 ms MarkObjects: 1.868208 ms  DeleteObjects: 0.018194 ms)

AssetImportParameters requested are different than current active one (requested -> active):
  custom:video-decoder-ogg-theora: a1e56fd34408186e4bbccfd4996cb3dc -> 
  custom:container-muxer-webm: aa71ff27fc2769a1b78a27578f13a17b -> 
  custom:container-demuxer-webm: 4f35f7cbe854078d1ac9338744f61a02 -> 
  custom:container-demuxer-ogg: 62fdf1f143b41e24485cea50d1cbac27 -> 
  custom:video-encoder-webm-vp8: eb34c28f22e8b96e1ab97ce403110664 -> 
  custom:framework-osx-AVFoundation: e770b220cccbd017edd2c1fefb359320 -> 
  custom:video-decoder-webm-vp8: 9c59270c3fd7afecdb556c50c9e8de78 -> 
  custom:audio-decoder-ogg-vorbis: bf7c407c2cedff20999df2af8eb42d56 -> 
  custom:audio-encoder-webm-vorbis: bf7c407c2cedff20999df2af8eb42d56 -> 
========================================================================
Received Import Request.
  Time since last request: 445.319913 seconds.
  path: Assets/Scenes/Level_13.unity
  artifactKey: Guid(d2e605096a12242ef92be7500a8955cd) Importer(815301076,1909f56bfc062723c751e8b465ee728b)
Start importing Assets/Scenes/Level_13.unity using Guid(d2e605096a12242ef92be7500a8955cd) Importer(815301076,1909f56bfc062723c751e8b465ee728b)  -> (artifact id: '749f94b0c11fbadccb9851e950999701') in 0.051318 seconds 
  Import took 0.055605 seconds .

========================================================================
Received Import Request.
  Time since last request: 21.750315 seconds.
  path: Assets/Scenes/Level_17.unity
  artifactKey: Guid(17ca82d6d5e1348e096a33e159751458) Importer(815301076,1909f56bfc062723c751e8b465ee728b)
Start importing Assets/Scenes/Level_17.unity using Guid(17ca82d6d5e1348e096a33e159751458) Importer(815301076,1909f56bfc062723c751e8b465ee728b)  -> (artifact id: 'e2c6b4a27bfbf8273b4ad3da59d4e154') in 0.084596 seconds 
  Import took 0.089151 seconds .

========================================================================
Received Import Request.
  Time since last request: 2.647151 seconds.
  path: Assets/Scenes/Level_16.unity
  artifactKey: Guid(d9109b3b9bdee4d688a79d1e7259c690) Importer(815301076,1909f56bfc062723c751e8b465ee728b)
Start importing Assets/Scenes/Level_16.unity using Guid(d9109b3b9bdee4d688a79d1e7259c690) Importer(815301076,1909f56bfc062723c751e8b465ee728b)  -> (artifact id: 'f15b27b8fc4cb52ff549c590800806dd') in 0.031845 seconds 
  Import took 0.035093 seconds .

========================================================================
Received Import Request.
  Time since last request: 2.455641 seconds.
  path: Assets/Scenes/Level_14.unity
  artifactKey: Guid(3aaa9cc745a954e449625a1beefcd273) Importer(815301076,1909f56bfc062723c751e8b465ee728b)
Start importing Assets/Scenes/Level_14.unity using Guid(3aaa9cc745a954e449625a1beefcd273) Importer(815301076,1909f56bfc062723c751e8b465ee728b)  -> (artifact id: 'df26f368c25c09ace1ffc7a978eda8b6') in 0.007786 seconds 
  Import took 0.010464 seconds .

========================================================================
Received Import Request.
  Time since last request: 2.458768 seconds.
  path: Assets/Scenes/Level_12.unity
  artifactKey: Guid(9d6aaf90e21d148e4b44ae70a9e36613) Importer(815301076,1909f56bfc062723c751e8b465ee728b)
Start importing Assets/Scenes/Level_12.unity using Guid(9d6aaf90e21d148e4b44ae70a9e36613) Importer(815301076,1909f56bfc062723c751e8b465ee728b)  -> (artifact id: 'dfb80417acc5d8465a81f4941d13f605') in 0.055595 seconds 
  Import took 0.060139 seconds .

========================================================================
Received Import Request.
  Time since last request: 1.347337 seconds.
  path: Assets/Scenes/Level_11.unity
  artifactKey: Guid(f61d26da4b07e4f70993b20b3a949fa5) Importer(815301076,1909f56bfc062723c751e8b465ee728b)
Start importing Assets/Scenes/Level_11.unity using Guid(f61d26da4b07e4f70993b20b3a949fa5) Importer(815301076,1909f56bfc062723c751e8b465ee728b)  -> (artifact id: '9d273845c98b3abb4d29ad44ff193887') in 0.007694 seconds 
  Import took 0.010529 seconds .

========================================================================
Received Import Request.
  Time since last request: 0.001650 seconds.
  path: Assets/Scenes/Level_11.unity
  artifactKey: Guid(f61d26da4b07e4f70993b20b3a949fa5) Importer(815301076,1909f56bfc062723c751e8b465ee728b)
Start importing Assets/Scenes/Level_11.unity using Guid(f61d26da4b07e4f70993b20b3a949fa5) Importer(815301076,1909f56bfc062723c751e8b465ee728b)  -> (artifact id: '9d273845c98b3abb4d29ad44ff193887') in 0.007677 seconds 
  Import took 0.010001 seconds .

========================================================================
Received Import Request.
  Time since last request: 1.228585 seconds.
  path: Assets/Scenes/Level_10.unity
  artifactKey: Guid(92dc928a04b614d99be6c45fe404f130) Importer(815301076,1909f56bfc062723c751e8b465ee728b)
Start importing Assets/Scenes/Level_10.unity using Guid(92dc928a04b614d99be6c45fe404f130) Importer(815301076,1909f56bfc062723c751e8b465ee728b)  -> (artifact id: 'c1608f5e7e793ccf926a1938b9b21b7f') in 0.044984 seconds 
  Import took 0.049525 seconds .

========================================================================
Received Import Request.
  Time since last request: 19.702690 seconds.
  path: Assets/Scenes/Level_01.unity
  artifactKey: Guid(1019f00070b0a41bdb68af148f6543ca) Importer(815301076,1909f56bfc062723c751e8b465ee728b)
Start importing Assets/Scenes/Level_01.unity using Guid(1019f00070b0a41bdb68af148f6543ca) Importer(815301076,1909f56bfc062723c751e8b465ee728b)  -> (artifact id: '3ccbc7146e029cb95956504173886ed0') in 0.016854 seconds 
  Import took 0.019777 seconds .

========================================================================
Received Import Request.
  Time since last request: 0.742475 seconds.
  path: Assets/Scenes/Level_02.unity
  artifactKey: Guid(17edcb4cf03be4b7daff7d385e3fceca) Importer(815301076,1909f56bfc062723c751e8b465ee728b)
Start importing Assets/Scenes/Level_02.unity using Guid(17edcb4cf03be4b7daff7d385e3fceca) Importer(815301076,1909f56bfc062723c751e8b465ee728b)  -> (artifact id: 'cd25b0e406f672ff3669f93750796bf8') in 0.076929 seconds 
  Import took 0.080640 seconds .

========================================================================
Received Import Request.
  Time since last request: 1.073429 seconds.
  path: Assets/Scenes/Level_03.unity
  artifactKey: Guid(026c58a28a0134d0cb6c0839fef27598) Importer(815301076,1909f56bfc062723c751e8b465ee728b)
Start importing Assets/Scenes/Level_03.unity using Guid(026c58a28a0134d0cb6c0839fef27598) Importer(815301076,1909f56bfc062723c751e8b465ee728b)  -> (artifact id: 'd8e07c0fcd0233016e2e1190f4bddf41') in 0.062330 seconds 
  Import took 0.066102 seconds .

========================================================================
Received Import Request.
  Time since last request: 0.915288 seconds.
  path: Assets/Scenes/Level_04.unity
  artifactKey: Guid(30260ba3d5572402580694b912b88ea0) Importer(815301076,1909f56bfc062723c751e8b465ee728b)
Start importing Assets/Scenes/Level_04.unity using Guid(30260ba3d5572402580694b912b88ea0) Importer(815301076,1909f56bfc062723c751e8b465ee728b)  -> (artifact id: '9c4c07d4fa4a484cecec0e4e277ae2b2') in 0.098796 seconds 
  Import took 0.102748 seconds .

========================================================================
Received Import Request.
  Time since last request: 0.638738 seconds.
  path: Assets/Scenes/Level_05.unity
  artifactKey: Guid(748eec0591eed4ab3884324f2da91eb5) Importer(815301076,1909f56bfc062723c751e8b465ee728b)
Start importing Assets/Scenes/Level_05.unity using Guid(748eec0591eed4ab3884324f2da91eb5) Importer(815301076,1909f56bfc062723c751e8b465ee728b)  -> (artifact id: '16789549829c006cf00d07014bf0ca81') in 0.030851 seconds 
  Import took 0.036133 seconds .

========================================================================
Received Import Request.
  Time since last request: 1.306641 seconds.
  path: Assets/Scenes/Level_06.unity
  artifactKey: Guid(9f9447ea194744bd197a8f34a6a8bf36) Importer(815301076,1909f56bfc062723c751e8b465ee728b)
Start importing Assets/Scenes/Level_06.unity using Guid(9f9447ea194744bd197a8f34a6a8bf36) Importer(815301076,1909f56bfc062723c751e8b465ee728b)  -> (artifact id: '15a2331a3f1ab83ac0bc42e3e91b9c05') in 0.113730 seconds 
  Import took 0.117660 seconds .

========================================================================
Received Import Request.
  Time since last request: 26.258468 seconds.
  path: Assets/Scenes/Level_13Settings.lighting
  artifactKey: Guid(98049dd20c7e74fe9b65e7584498459d) Importer(815301076,1909f56bfc062723c751e8b465ee728b)
Start importing Assets/Scenes/Level_13Settings.lighting using Guid(98049dd20c7e74fe9b65e7584498459d) Importer(815301076,1909f56bfc062723c751e8b465ee728b) LightingSettings: switching bake backend from 1 to 0.
 -> (artifact id: '227a34bbdb307a1e1ba3fd7c8ff333c1') in 0.393503 seconds 
  Import took 0.397786 seconds .

========================================================================
Received Import Request.
  Time since last request: 3.882736 seconds.
  path: Assets/Scenes/Level_13.unity
  artifactKey: Guid(d2e605096a12242ef92be7500a8955cd) Importer(815301076,1909f56bfc062723c751e8b465ee728b)
Start importing Assets/Scenes/Level_13.unity using Guid(d2e605096a12242ef92be7500a8955cd) Importer(815301076,1909f56bfc062723c751e8b465ee728b)  -> (artifact id: 'ec7e3acc7e81d30c19eee1eafd7d8c96') in 0.101385 seconds 
  Import took 0.106091 seconds .

========================================================================
Received Import Request.
  Time since last request: 6.169994 seconds.
  path: Assets/Scenes/Level_09.unity
  artifactKey: Guid(5da43b5948bff4f409d515ea0805489f) Importer(815301076,1909f56bfc062723c751e8b465ee728b)
Start importing Assets/Scenes/Level_09.unity using Guid(5da43b5948bff4f409d515ea0805489f) Importer(815301076,1909f56bfc062723c751e8b465ee728b)  -> (artifact id: 'a36416c3e7423120dda8ea6b3507e848') in 0.027501 seconds 
  Import took 0.031172 seconds .

========================================================================
Received Import Request.
  Time since last request: 2.630548 seconds.
  path: Assets/Scenes/Start.unity
  artifactKey: Guid(0d4b45635b02544b4aef3dab6ec05426) Importer(815301076,1909f56bfc062723c751e8b465ee728b)
Start importing Assets/Scenes/Start.unity using Guid(0d4b45635b02544b4aef3dab6ec05426) Importer(815301076,1909f56bfc062723c751e8b465ee728b)  -> (artifact id: 'eb2b1ca55e3c4d4588912e28cc5b0cdb') in 0.006937 seconds 
  Import took 0.011192 seconds .

========================================================================
Received Import Request.
  Time since last request: 0.000884 seconds.
  path: Assets/Scenes/Start.unity
  artifactKey: Guid(0d4b45635b02544b4aef3dab6ec05426) Importer(815301076,1909f56bfc062723c751e8b465ee728b)
Start importing Assets/Scenes/Start.unity using Guid(0d4b45635b02544b4aef3dab6ec05426) Importer(815301076,1909f56bfc062723c751e8b465ee728b)  -> (artifact id: 'eb2b1ca55e3c4d4588912e28cc5b0cdb') in 0.026611 seconds 
  Import took 0.029815 seconds .

========================================================================
Received Prepare
Refreshing native plugins compatible for Editor in 205.20 ms, found 2 plugins.
Preloading 0 native plugins for Editor in 0.00 ms.
Unloading 12 Unused Serialized files (Serialized files now loaded: 0)
System memory in use before: 121.8 MB.
System memory in use after: 122.0 MB.

Unloading 11 unused Assets to reduce memory usage. Loaded Objects now: 1857.
Total: 6.142035 ms (FindLiveObjects: 0.328811 ms CreateObjectMapping: 0.116130 ms MarkObjects: 5.666437 ms  DeleteObjects: 0.028768 ms)

AssetImportParameters requested are different than current active one (requested -> active):
  custom:video-decoder-ogg-theora: a1e56fd34408186e4bbccfd4996cb3dc -> 
  custom:container-muxer-webm: aa71ff27fc2769a1b78a27578f13a17b -> 
  custom:container-demuxer-webm: 4f35f7cbe854078d1ac9338744f61a02 -> 
  custom:container-demuxer-ogg: 62fdf1f143b41e24485cea50d1cbac27 -> 
  custom:video-encoder-webm-vp8: eb34c28f22e8b96e1ab97ce403110664 -> 
  custom:framework-osx-AVFoundation: e770b220cccbd017edd2c1fefb359320 -> 
  custom:video-decoder-webm-vp8: 9c59270c3fd7afecdb556c50c9e8de78 -> 
  custom:audio-decoder-ogg-vorbis: bf7c407c2cedff20999df2af8eb42d56 -> 
  custom:audio-encoder-webm-vorbis: bf7c407c2cedff20999df2af8eb42d56 -> 
========================================================================
Received Prepare
Refreshing native plugins compatible for Editor in 183.20 ms, found 2 plugins.
Preloading 0 native plugins for Editor in 0.00 ms.
Unloading 12 Unused Serialized files (Serialized files now loaded: 0)
System memory in use before: 121.9 MB.
System memory in use after: 122.0 MB.

Unloading 11 unused Assets to reduce memory usage. Loaded Objects now: 1857.
Total: 20.688401 ms (FindLiveObjects: 0.567117 ms CreateObjectMapping: 0.046127 ms MarkObjects: 20.027986 ms  DeleteObjects: 0.046102 ms)

AssetImportParameters requested are different than current active one (requested -> active):
  custom:video-decoder-ogg-theora: a1e56fd34408186e4bbccfd4996cb3dc -> 
  custom:container-muxer-webm: aa71ff27fc2769a1b78a27578f13a17b -> 
  custom:container-demuxer-webm: 4f35f7cbe854078d1ac9338744f61a02 -> 
  custom:container-demuxer-ogg: 62fdf1f143b41e24485cea50d1cbac27 -> 
  custom:video-encoder-webm-vp8: eb34c28f22e8b96e1ab97ce403110664 -> 
  custom:framework-osx-AVFoundation: e770b220cccbd017edd2c1fefb359320 -> 
  custom:video-decoder-webm-vp8: 9c59270c3fd7afecdb556c50c9e8de78 -> 
  custom:audio-decoder-ogg-vorbis: bf7c407c2cedff20999df2af8eb42d56 -> 
  custom:audio-encoder-webm-vorbis: bf7c407c2cedff20999df2af8eb42d56 -> 
